<?xml version="1.0" encoding="UTF-8"?>
<!-- Generated by org.testng.reporters.JUnitReportReporter -->
<testsuite hostname="DESKTOP-LI350TO" failures="0" tests="1" name="MAHMOUD_QE.framework.ecommerce_tc4_Hybrid" time="21.400" errors="0" timestamp="2023-07-12T23:44:41 EET" skipped="0">
  <testcase classname="MAHMOUD_QE.framework.ecommerce_tc4_Hybrid" name="FillForm" time="21.400"/>
</testsuite> <!-- MAHMOUD_QE.framework.ecommerce_tc4_Hybrid -->
